#
# There is insufficient memory for the Java Runtime Environment to continue.
# Native memory allocation (mmap) failed to map 134217728 bytes for G1 virtual space
# Possible reasons:
#   The system is out of physical RAM or swap space
#   The process is running with CompressedOops enabled, and the Java Heap may be blocking the growth of the native heap
# Possible solutions:
#   Reduce memory load on the system
#   Increase physical memory or swap space
#   Check if swap backing store is full
#   Decrease Java heap size (-Xmx/-Xms)
#   Decrease number of Java threads
#   Decrease Java thread stack sizes (-Xss)
#   Set larger code cache with -XX:ReservedCodeCacheSize=
#   JVM is running with Unscaled Compressed Oops mode in which the Java heap is
#     placed in the first 4GB address space. The Java Heap base address is the
#     maximum limit for the native heap growth. Please use -XX:HeapBaseMinAddress
#     to set the Java Heap base and to place the Java Heap above 4GB virtual address.
# This output file may be truncated or incomplete.
#
#  Out of Memory Error (os_windows.cpp:3466), pid=14324, tid=2824
#
# JRE version:  (16.0.1+9) (build )
# Java VM: Java HotSpot(TM) 64-Bit Server VM (16.0.1+9-24, mixed mode, sharing, tiered, compressed oops, compressed class ptrs, g1 gc, windows-amd64)
# No core dump will be written. Minidumps are not enabled by default on client versions of Windows
#

---------------  S U M M A R Y ------------

Command Line: -Dfile.encoding=Cp1252 -XX:+ShowCodeDetailsInExceptionMessages acompanhamento.leitura.Main

Host: Intel(R) Core(TM) i5-7200U CPU @ 2.50GHz, 4 cores, 7G,  Windows 10 , 64 bit Build 19041 (10.0.19041.928)
Time: Wed Feb  9 17:47:52 2022 Hora oficial do Brasil elapsed time: 0.019959 seconds (0d 0h 0m 0s)

---------------  T H R E A D  ---------------

Current thread (0x0000021201427690):  JavaThread "Unknown thread" [_thread_in_vm, id=2824, stack(0x000000898c200000,0x000000898c300000)]

Stack: [0x000000898c200000,0x000000898c300000]
Native frames: (J=compiled Java code, j=interpreted, Vv=VM code, C=native code)
V  [jvm.dll+0x6687ca]
V  [jvm.dll+0x7ca3c9]
V  [jvm.dll+0x7cbb53]
V  [jvm.dll+0x7cc1b3]
V  [jvm.dll+0x242ea5]
V  [jvm.dll+0x665589]
V  [jvm.dll+0x65a175]
V  [jvm.dll+0x2fc5ab]
V  [jvm.dll+0x3037a6]
V  [jvm.dll+0x352fee]
V  [jvm.dll+0x35321f]
V  [jvm.dll+0x2d3618]
V  [jvm.dll+0x2d4854]
V  [jvm.dll+0x79ccb1]
V  [jvm.dll+0x360de1]
V  [jvm.dll+0x77a990]
V  [jvm.dll+0x3e55af]
V  [jvm.dll+0x3e7081]
C  [jli.dll+0x52fb]
C  [ucrtbase.dll+0x21bb2]
C  [KERNEL32.DLL+0x17034]
C  [ntdll.dll+0x52651]


---------------  P R O C E S S  ---------------

Threads class SMR info:
_java_thread_list=0x00007ffe6964cbb8, length=0, elements={
}

Java Threads: ( => current thread )

Other Threads:
  0x0000021201467b70 GCTaskThread "GC Thread#0" [stack: 0x000000898c300000,0x000000898c400000] [id=10384]
  0x000002120147a4f0 ConcurrentGCThread "G1 Main Marker" [stack: 0x000000898c400000,0x000000898c500000] [id=13440]
  0x000002120147aef0 ConcurrentGCThread "G1 Conc#0" [stack: 0x000000898c500000,0x000000898c600000] [id=7792]

[error occurred during error reporting (printing all threads), id 0xc0000005, EXCEPTION_ACCESS_VIOLATION (0xc0000005) at pc=0x00007ffe68e244d7]

VM state: not at safepoint (not fully initialized)

VM Mutex/Monitor currently owned by a thread:  ([mutex/lock_event])
[0x0000021201423f30] Heap_lock - owner thread: 0x0000021201427690

Heap address: 0x0000000081400000, size: 2028 MB, Compressed Oops mode: 32-bit

CDS archive(s) mapped at: [0x0000000000000000-0x0000000000000000-0x0000000000000000), size 0, SharedBaseAddress: 0x0000000800000000, ArchiveRelocationMode: 0.
Narrow klass base: 0x0000000000000000, Narrow klass shift: 0, Narrow klass range: 0x0

GC Precious Log:
<Empty>

Heap:
 garbage-first heap   total 0K, used 0K [0x0000000081400000, 0x0000000100000000)
  region size 1024K, 0 young (0K), 0 survivors (0K)

[error occurred during error reporting (printing heap information), id 0xc0000005, EXCEPTION_ACCESS_VIOLATION (0xc0000005) at pc=0x00007ffe692024ed]

GC Heap History (0 events):
No events

Deoptimization events (0 events):
No events

Classes unloaded (0 events):
No events

Classes redefined (0 events):
No events

Internal exceptions (0 events):
No events

Events (1 events):
Event: 0.014 Loaded shared library C:\Program Files\Java\jdk-16.0.1\bin\java.dll


Dynamic libraries:
0x00007ff6a1c50000 - 0x00007ff6a1c60000 	C:\Program Files\Java\jdk-16.0.1\bin\javaw.exe
0x00007ffeac130000 - 0x00007ffeac325000 	C:\WINDOWS\SYSTEM32\ntdll.dll
0x00007ffeaa960000 - 0x00007ffeaaa1d000 	C:\WINDOWS\System32\KERNEL32.DLL
0x00007ffea9a80000 - 0x00007ffea9d48000 	C:\WINDOWS\System32\KERNELBASE.dll
0x00007ffeaa040000 - 0x00007ffeaa140000 	C:\WINDOWS\System32\ucrtbase.dll
0x00007ffe993b0000 - 0x00007ffe993c9000 	C:\Program Files\Java\jdk-16.0.1\bin\VCRUNTIME140.dll
0x00007ffe9ff00000 - 0x00007ffe9ff18000 	C:\Program Files\Java\jdk-16.0.1\bin\jli.dll
0x00007ffeaa850000 - 0x00007ffeaa8fc000 	C:\WINDOWS\System32\ADVAPI32.dll
0x00007ffeac040000 - 0x00007ffeac0de000 	C:\WINDOWS\System32\msvcrt.dll
0x00007ffeabfa0000 - 0x00007ffeac03b000 	C:\WINDOWS\System32\sechost.dll
0x00007ffeaa4e0000 - 0x00007ffeaa60b000 	C:\WINDOWS\System32\RPCRT4.dll
0x00007ffeab660000 - 0x00007ffeab800000 	C:\WINDOWS\System32\USER32.dll
0x00007ffea98f0000 - 0x00007ffea9912000 	C:\WINDOWS\System32\win32u.dll
0x00007ffeabf40000 - 0x00007ffeabf6a000 	C:\WINDOWS\System32\GDI32.dll
0x00007ffe7c140000 - 0x00007ffe7c3da000 	C:\WINDOWS\WinSxS\amd64_microsoft.windows.common-controls_6595b64144ccf1df_6.0.19041.844_none_ca00b6081b84eb1d\COMCTL32.dll
0x00007ffea9e00000 - 0x00007ffea9f0b000 	C:\WINDOWS\System32\gdi32full.dll
0x00007ffea9f70000 - 0x00007ffeaa00d000 	C:\WINDOWS\System32\msvcp_win.dll
0x00007ffe9fb00000 - 0x00007ffe9fb0a000 	C:\WINDOWS\SYSTEM32\VERSION.dll
0x00007ffeabf70000 - 0x00007ffeabfa0000 	C:\WINDOWS\System32\IMM32.DLL
0x00007ffea4d00000 - 0x00007ffea4d0c000 	C:\Program Files\Java\jdk-16.0.1\bin\vcruntime140_1.dll
0x00007ffe84c90000 - 0x00007ffe84d21000 	C:\Program Files\Java\jdk-16.0.1\bin\msvcp140.dll
0x00007ffe68b40000 - 0x00007ffe696eb000 	C:\Program Files\Java\jdk-16.0.1\bin\server\jvm.dll
0x00007ffeaa190000 - 0x00007ffeaa198000 	C:\WINDOWS\System32\PSAPI.DLL
0x00007ffea39c0000 - 0x00007ffea39c9000 	C:\WINDOWS\SYSTEM32\WSOCK32.dll
0x00007ffe97540000 - 0x00007ffe97567000 	C:\WINDOWS\SYSTEM32\WINMM.dll
0x00007ffeaa7e0000 - 0x00007ffeaa84b000 	C:\WINDOWS\System32\WS2_32.dll
0x00007ffea76d0000 - 0x00007ffea76e2000 	C:\WINDOWS\SYSTEM32\kernel.appcore.dll
0x00007ffea2000000 - 0x00007ffea200a000 	C:\Program Files\Java\jdk-16.0.1\bin\jimage.dll
0x00007ffe94250000 - 0x00007ffe94434000 	C:\WINDOWS\SYSTEM32\DBGHELP.DLL
0x00007ffea4d40000 - 0x00007ffea4d6c000 	C:\WINDOWS\SYSTEM32\dbgcore.DLL
0x00007ffea9870000 - 0x00007ffea98f0000 	C:\WINDOWS\System32\bcryptPrimitives.dll
0x00007ffe84c40000 - 0x00007ffe84c65000 	C:\Program Files\Java\jdk-16.0.1\bin\java.dll

dbghelp: loaded successfully - version: 4.0.5 - missing functions: none
symbol engine: initialized successfully - sym options: 0x614 - pdb path: .;C:\Program Files\Java\jdk-16.0.1\bin;C:\WINDOWS\SYSTEM32;C:\WINDOWS\WinSxS\amd64_microsoft.windows.common-controls_6595b64144ccf1df_6.0.19041.844_none_ca00b6081b84eb1d;C:\Program Files\Java\jdk-16.0.1\bin\server

VM Arguments:
jvm_args: -Dfile.encoding=Cp1252 -XX:+ShowCodeDetailsInExceptionMessages 
java_command: acompanhamento.leitura.Main
java_class_path (initial): C:\Users\Samsung\eclipse-workspace\teste-tecnico-gft\bin
Launcher Type: SUN_STANDARD

[Global flags]
     intx CICompilerCount                          = 3                                         {product} {ergonomic}
     uint ConcGCThreads                            = 1                                         {product} {ergonomic}
     uint G1ConcRefinementThreads                  = 4                                         {product} {ergonomic}
   size_t G1HeapRegionSize                         = 1048576                                   {product} {ergonomic}
    uintx GCDrainStackTargetSize                   = 64                                        {product} {ergonomic}
   size_t InitialHeapSize                          = 134217728                                 {product} {ergonomic}
   size_t MarkStackSize                            = 4194304                                   {product} {ergonomic}
   size_t MaxHeapSize                              = 2126512128                                {product} {ergonomic}
   size_t MinHeapDeltaBytes                        = 1048576                                   {product} {ergonomic}
   size_t MinHeapSize                              = 8388608                                   {product} {ergonomic}
    uintx NonNMethodCodeHeapSize                   = 5832780                                {pd product} {ergonomic}
    uintx NonProfiledCodeHeapSize                  = 122912730                              {pd product} {ergonomic}
    uintx ProfiledCodeHeapSize                     = 122912730                              {pd product} {ergonomic}
    uintx ReservedCodeCacheSize                    = 251658240                              {pd product} {ergonomic}
     bool SegmentedCodeCache                       = true                                      {product} {ergonomic}
     bool ShowCodeDetailsInExceptionMessages       = true                                   {manageable} {command line}
   size_t SoftMaxHeapSize                          = 2126512128                             {manageable} {ergonomic}
     bool UseCompressedClassPointers               = true                           {product lp64_product} {ergonomic}
     bool UseCompressedOops                        = true                           {product lp64_product} {ergonomic}
     bool UseG1GC                                  = true                                      {product} {ergonomic}
     bool UseLargePagesIndividualAllocation        = false                                  {pd product} {ergonomic}

Logging:
Log output configuration:
 #0: stdout all=warning uptime,level,tags
 #1: stderr all=off uptime,level,tags

Environment Variables:
PATH=C:/Program Files/Java/jdk-16.0.1/bin/server;C:/Program Files/Java/jdk-16.0.1/bin;C:\Program Files\Common Files\Oracle\Java\javapath;C:\Program Files (x86)\Common Files\Oracle\Java\javapath;C:\WINDOWS\system32;C:\WINDOWS;C:\WINDOWS\System32\Wbem;C:\WINDOWS\System32\WindowsPowerShell\v1.0\;C:\WINDOWS\System32\OpenSSH\;C:\Program Files (x86)\QuickTime\QTSystem\;C:\Program Files\dotnet\;C:\Program Files\Microsoft SQL Server\130\Tools\Binn\;C:\Program Files\Microsoft SQL Server\Client SDK\ODBC\170\Tools\Binn\;C:\Program Files\nodejs\;C:\Program Files (x86)\Microsoft SQL Server\150\Tools\Binn\;C:\Program Files\Microsoft SQL Server\150\Tools\Binn\;C:\Program Files\Microsoft SQL Server\150\DTS\Binn\;C:\Program Files (x86)\dotnet\;C:\Program Files\Git\cmd;C:\Program Files\MySQL\MySQL Shell 8.0\bin\;C:\Users\Samsung\AppData\Local\Microsoft\WindowsApps;C:\Users\Samsung\.dotnet\tools;C:\Users\Samsung\AppData\Roaming\npm;C:\Users\Samsung\AppData\Local\Programs\Microsoft VS Code\bin;C:\Users\Samsung\OneDrive\Anexos de email\Área de Trabalho;
USERNAME=Samsung
OS=Windows_NT
PROCESSOR_IDENTIFIER=Intel64 Family 6 Model 142 Stepping 9, GenuineIntel



---------------  S Y S T E M  ---------------

OS:
 Windows 10 , 64 bit Build 19041 (10.0.19041.928)
OS uptime: 13 days 3:06 hours
Hyper-V role detected

CPU: total 4 (initial active 4) (2 cores per cpu, 2 threads per core) family 6 model 142 stepping 9 microcode 0xb4, cx8, cmov, fxsr, ht, mmx, 3dnowpref, sse, sse2, sse3, ssse3, sse4.1, sse4.2, popcnt, lzcnt, tsc, tscinvbit, avx, avx2, aes, erms, clmul, bmi1, bmi2, adx, fma, vzeroupper, clflush, clflushopt, hv

Memory: 4k page, system-wide physical 8107M (1132M free)
TotalPageFile size 8107M (AvailPageFile size 113M)
current process WorkingSet (physical memory assigned to process): 9M, peak: 9M
current process commit charge ("private bytes"): 51M, peak: 179M

vm_info: Java HotSpot(TM) 64-Bit Server VM (16.0.1+9-24) for windows-amd64 JRE (16.0.1+9-24), built on Mar 26 2021 19:31:42 by "mach5one" with MS VC++ 16.7 (VS2019)

END.
